<?xml version="1.0" encoding="UTF-8"?>
<!-- Generated by org.testng.reporters.JUnitReportReporter -->
<testsuite hostname="DESKTOP-SQIAIS5" failures="0" tests="1" name="Test.Maven_Selenium_Practice.AppTest" time="35.185" errors="0" timestamp="2022-06-13T20:15:26 IST" skipped="0">
  <testcase classname="Test.Maven_Selenium_Practice.AppTest" name="Test1" time="35.185"/>
  <system-out/>
</testsuite> <!-- Test.Maven_Selenium_Practice.AppTest -->
