<?xml version="1.0" encoding="UTF-8"?>
<!-- Generated by org.testng.reporters.JUnitReportReporter -->
<testsuite hostname="DESKTOP-PVDG8B3" failures="0" tests="1" name="Test.Maven_Selenium_Practice.AppTest" time="8.546" errors="0" timestamp="2022-06-12T02:54:46 IST" skipped="0">
  <testcase classname="Test.Maven_Selenium_Practice.AppTest" name="Test1" time="8.546"/>
  <system-out/>
</testsuite> <!-- Test.Maven_Selenium_Practice.AppTest -->
